\BOOKMARK [0][]{section*.1}{\376\377\000A\000B\000S\000T\000R\000A\000K}{}% 1
\BOOKMARK [0][]{section*.2}{\376\377\000A\000B\000S\000T\000R\000A\000C\000T}{}% 2
\BOOKMARK [0][]{section*.2}{\376\377\000L\000E\000M\000B\000A\000R\000\040\000P\000E\000N\000G\000E\000S\000A\000H\000A\000N}{}% 3
\BOOKMARK [0][]{section*.2}{\376\377\000P\000E\000D\000O\000M\000A\000N\000\040\000P\000E\000N\000G\000G\000U\000N\000A\000A\000N\000\040\000B\000U\000K\000U\000\040\000T\000U\000G\000A\000S\000\040\000A\000K\000H\000I\000R}{}% 4
\BOOKMARK [0][]{section*.3}{\376\377\000K\000A\000T\000A\000\040\000P\000E\000N\000G\000A\000N\000T\000A\000R}{}% 5
\BOOKMARK [0][]{section*.4}{\376\377\000D\000A\000F\000T\000A\000R\000\040\000I\000S\000I}{}% 6
\BOOKMARK [0][]{section*.5}{\376\377\000D\000A\000F\000T\000A\000R\000\040\000N\000O\000T\000A\000S\000I}{}% 7
\BOOKMARK [0][]{section*.6}{\376\377\000D\000A\000F\000T\000A\000R\000\040\000G\000A\000M\000B\000A\000R}{}% 8
\BOOKMARK [0][]{section*.7}{\376\377\000D\000A\000F\000T\000A\000R\000\040\000T\000A\000B\000E\000L}{}% 9
\BOOKMARK [0][]{chapter.1}{\376\377\000I\000\040\000P\000E\000N\000D\000A\000H\000U\000L\000U\000A\000N}{}% 10
\BOOKMARK [1][]{section.1.1}{\376\377\0001\000.\0001\000\040\000L\000a\000t\000a\000r\000\040\000B\000e\000l\000a\000k\000a\000n\000g}{chapter.1}% 11
\BOOKMARK [1][]{section.1.2}{\376\377\0001\000.\0002\000\040\000R\000u\000m\000u\000s\000a\000n\000\040\000d\000a\000n\000\040\000B\000a\000t\000a\000s\000a\000n\000\040\000M\000a\000s\000a\000l\000a\000h}{chapter.1}% 12
\BOOKMARK [1][]{section.1.3}{\376\377\0001\000.\0003\000\040\000T\000u\000j\000u\000a\000n}{chapter.1}% 13
\BOOKMARK [1][]{section.1.4}{\376\377\0001\000.\0004\000\040\000M\000e\000t\000o\000d\000o\000l\000o\000g\000i}{chapter.1}% 14
\BOOKMARK [1][]{section.1.5}{\376\377\0001\000.\0005\000\040\000S\000i\000s\000t\000e\000m\000a\000t\000i\000k\000a\000\040\000P\000e\000n\000u\000l\000i\000s\000a\000n}{chapter.1}% 15
\BOOKMARK [0][]{chapter.2}{\376\377\000I\000I\000\040\000K\000A\000J\000I\000A\000N\000\040\000P\000U\000S\000T\000A\000K\000A}{}% 16
\BOOKMARK [1][]{section.2.1}{\376\377\0002\000.\0001\000\040\000S\000u\000b\000\040\000B\000a\000b\000\040\000A}{chapter.2}% 17
\BOOKMARK [1][]{section.2.2}{\376\377\0002\000.\0002\000\040\000S\000u\000b\000\040\000B\000a\000b\000\040\000B}{chapter.2}% 18
\BOOKMARK [1][]{section.2.3}{\376\377\0002\000.\0003\000\040\000M\000e\000m\000b\000u\000a\000t\000\040\000P\000e\000r\000s\000a\000m\000a\000a\000n}{chapter.2}% 19
\BOOKMARK [2][]{subsection.2.3.1}{\376\377\0002\000.\0003\000.\0001\000\040\000C\000o\000n\000t\000o\000h\000\040\000P\000e\000r\000s\000a\000m\000a\000a\000n\000\040\000S\000e\000d\000e\000r\000h\000a\000n\000a}{section.2.3}% 20
\BOOKMARK [1][]{section.2.4}{\376\377\0002\000.\0004\000\040\000R\000e\000f\000e\000r\000e\000n\000s\000i\000\040\000d\000a\000n\000\040\000C\000i\000t\000a\000t\000i\000o\000n}{chapter.2}% 21
\BOOKMARK [0][]{chapter.3}{\376\377\000I\000I\000I\000\040\000M\000E\000T\000O\000D\000O\000L\000O\000G\000I\000\040\000P\000E\000N\000E\000L\000I\000T\000I\000A\000N}{}% 22
\BOOKMARK [1][]{section.3.1}{\376\377\0003\000.\0001\000\040\000M\000o\000d\000e\000l\000\040\000K\000o\000m\000p\000u\000t\000a\000s\000i}{chapter.3}% 23
\BOOKMARK [1][]{section.3.2}{\376\377\0003\000.\0002\000\040\000S\000u\000b\000\040\000B\000a\000b\000\040\003\261}{chapter.3}% 24
\BOOKMARK [1][]{section.3.3}{\376\377\0003\000.\0003\000\040\000S\000u\000b\000\040\000B\000a\000b\000\040\247\265}{chapter.3}% 25
\BOOKMARK [0][]{chapter.4}{\376\377\000I\000V\000\040\000H\000A\000S\000I\000L\000\040\000D\000A\000N\000\040\000A\000N\000A\000L\000I\000S\000I\000S}{}% 26
\BOOKMARK [1][]{section.4.1}{\376\377\0004\000.\0001\000\040\000S\000u\000b\000\040\000B\000a\000b\000\040\000H\000a\000s\000i\000l}{chapter.4}% 27
\BOOKMARK [1][]{section.4.2}{\376\377\0004\000.\0002\000\040\000M\000e\000m\000a\000s\000u\000k\000k\000a\000n\000\040\000G\000a\000m\000b\000a\000r}{chapter.4}% 28
\BOOKMARK [2][]{subsection.4.2.1}{\376\377\0004\000.\0002\000.\0001\000\040\000C\000o\000n\000t\000o\000h\000\040\000G\000a\000m\000b\000a\000r\000\040\000S\000e\000d\000e\000r\000h\000a\000n\000a}{section.4.2}% 29
\BOOKMARK [0][]{chapter.5}{\376\377\000V\000\040\000S\000I\000M\000P\000U\000L\000A\000N\000\040\000D\000A\000N\000\040\000S\000A\000R\000A\000N}{}% 30
\BOOKMARK [1][]{section.5.1}{\376\377\0005\000.\0001\000\040\000S\000i\000m\000p\000u\000l\000a\000n}{chapter.5}% 31
\BOOKMARK [1][]{section.5.2}{\376\377\0005\000.\0002\000\040\000S\000a\000r\000a\000n}{chapter.5}% 32
\BOOKMARK [0][]{section*.13}{\376\377\000D\000A\000F\000T\000A\000R\000\040\000P\000U\000S\000T\000A\000K\000A}{}% 33
\BOOKMARK [0][]{appendix*.14}{\376\377\000L\000A\000M\000P\000I\000R\000A\000N\000\040\000A\000:\000\040\000K\000O\000D\000E\000\040\000P\000R\000O\000G\000R\000A\000M}{}% 34
\BOOKMARK [1][]{section.A.1}{\376\377\0001\000.\0001\000\040\000P\000R\000O\000G\000R\000A\000M\000\040\000S\000A\000T\000U}{appendix*.14}% 35
\BOOKMARK [1][]{section.A.2}{\376\377\0001\000.\0002\000\040\000P\000R\000O\000G\000R\000A\000M\000\040\000D\000U\000A}{appendix*.14}% 36
\BOOKMARK [0][]{appendix*.15}{\376\377\000L\000A\000M\000P\000I\000R\000A\000N\000\040\000B\000:\000\040\000G\000A\000M\000B\000A\000R\000-\000G\000A\000M\000B\000A\000R}{}% 37
